<?xml version="1.0" encoding="UTF-8" ?>
<testsuite tests="38" failures="0" name="StepDefinition.TestRunner" time="4,182.463" errors="1" skipped="0">
  <properties>
[...]
</properties>
  <testcase classname="Check the login feature of Mensio Web Application" name="To verify that user is able to login using valid credentials" time="34.38">
    <error message="no such element: Unable to locate element: {&quot;method&quot;:&quot;css selector&quot;,&quot;selector&quot;:&quot;.jss121&quot;}
  (Session info: chrome=108.0.5359.100)
For documentation on this error, please visit: https://www.seleniumhq.org/exceptions/no_such_element.html
Build info: version: &apos;3.141.59&apos;, revision: &apos;e82be7d358&apos;, time: &apos;2018-11-14T08:17:03&apos;
System info: host: &apos;LAPTOP-AE3NJ1FK&apos;, ip: &apos;192.168.0.123&apos;, os.name: &apos;Windows 11&apos;, os.arch: &apos;amd64&apos;, os.version: &apos;10.0&apos;, java.version: &apos;17.0.2&apos;
Driver info: org.openqa.selenium.chrome.ChromeDriver
Capabilities {acceptInsecureCerts: false, browserName: chrome, browserVersion: 108.0.5359.100, chrome: {chromedriverVersion: 107.0.5304.62 (1eec40d3a576..., userDataDir: C:\Users\SHRAD~1.LAP\AppDat...}, goog:chromeOptions: {debuggerAddress: localhost:49838}, javascriptEnabled: true, networkConnectionEnabled: false, pageLoadStrategy: normal, platform: WINDOWS, platformName: WINDOWS, proxy: Proxy(), setWindowRect: true, strictFileInteractability: false, timeouts: {implicit: 0, pageLoad: 300000, script: 30000}, unhandledPromptBehavior: dismiss and notify, webauthn:extension:credBlob: true, webauthn:extension:largeBlob: true, webauthn:virtualAuthenticators: true}
Session ID: 90d15e373d7a451c632205dbd3ca824c
*** Element info: {Using=class name, value=jss121}" type="org.openqa.selenium.NoSuchElementException">org.openqa.selenium.NoSuchElementException: no such element: Unable to locate element: {&quot;method&quot;:&quot;css selector&quot;,&quot;selector&quot;:&quot;.jss121&quot;}
  (Session info: chrome=108.0.5359.100)
For documentation on this error, please visit: https://www.seleniumhq.org/exceptions/no_such_element.html
Build info: version: &apos;3.141.59&apos;, revision: &apos;e82be7d358&apos;, time: &apos;2018-11-14T08:17:03&apos;
System info: host: &apos;LAPTOP-AE3NJ1FK&apos;, ip: &apos;192.168.0.123&apos;, os.name: &apos;Windows 11&apos;, os.arch: &apos;amd64&apos;, os.version: &apos;10.0&apos;, java.version: &apos;17.0.2&apos;
Driver info: org.openqa.selenium.chrome.ChromeDriver
Capabilities {acceptInsecureCerts: false, browserName: chrome, browserVersion: 108.0.5359.100, chrome: {chromedriverVersion: 107.0.5304.62 (1eec40d3a576..., userDataDir: C:\Users\SHRAD~1.LAP\AppDat...}, goog:chromeOptions: {debuggerAddress: localhost:49838}, javascriptEnabled: true, networkConnectionEnabled: false, pageLoadStrategy: normal, platform: WINDOWS, platformName: WINDOWS, proxy: Proxy(), setWindowRect: true, strictFileInteractability: false, timeouts: {implicit: 0, pageLoad: 300000, script: 30000}, unhandledPromptBehavior: dismiss and notify, webauthn:extension:credBlob: true, webauthn:extension:largeBlob: true, webauthn:virtualAuthenticators: true}
Session ID: 90d15e373d7a451c632205dbd3ca824c
*** Element info: {Using=class name, value=jss121}
	at java.base/jdk.internal.reflect.NativeConstructorAccessorImpl.newInstance0(Native Method)
	at java.base/jdk.internal.reflect.NativeConstructorAccessorImpl.newInstance(NativeConstructorAccessorImpl.java:77)
	at java.base/jdk.internal.reflect.DelegatingConstructorAccessorImpl.newInstance(DelegatingConstructorAccessorImpl.java:45)
	at java.base/java.lang.reflect.Constructor.newInstanceWithCaller(Constructor.java:499)
	at java.base/java.lang.reflect.Constructor.newInstance(Constructor.java:480)
	at org.openqa.selenium.remote.http.W3CHttpResponseCodec.createException(W3CHttpResponseCodec.java:187)
	at org.openqa.selenium.remote.http.W3CHttpResponseCodec.decode(W3CHttpResponseCodec.java:122)
	at org.openqa.selenium.remote.http.W3CHttpResponseCodec.decode(W3CHttpResponseCodec.java:49)
	at org.openqa.selenium.remote.HttpCommandExecutor.execute(HttpCommandExecutor.java:158)
	at org.openqa.selenium.remote.service.DriverCommandExecutor.execute(DriverCommandExecutor.java:83)
	at org.openqa.selenium.remote.RemoteWebDriver.execute(RemoteWebDriver.java:552)
	at org.openqa.selenium.remote.RemoteWebDriver.findElement(RemoteWebDriver.java:323)
	at org.openqa.selenium.remote.RemoteWebDriver.findElementByClassName(RemoteWebDriver.java:412)
	at org.openqa.selenium.By$ByClassName.findElement(By.java:389)
	at org.openqa.selenium.remote.RemoteWebDriver.findElement(RemoteWebDriver.java:315)
	at StepDefinition.login.user_is_navigated_to_home_screen(login.java:44)
	at ✽.user is navigated to home screen(file:///C:/Users/shrad.LAPTOP-AE3NJ1FK/git/master/MensioWebSanity/src/test/resources/Features/1login.feature:8)
</error>
    <system-out>
@Sanity @login @NBCU
Scenario: To verify that user is able to login using valid credentials # src/test/resources/Features/1login.feature:4
User is on the login screen
  Given user is on the login screen                                    # StepDefinition.login.user_is_on_the_login_screen()
User entered valid email and password
  When user enter email and password                                   # StepDefinition.login.user_enter_email_and_password()
User clicked on Login button
  And user click on login button                                       # StepDefinition.login.user_click_on_login_button()
  Then user is navigated to home screen                                # StepDefinition.login.user_is_navigated_to_home_screen()
      org.openqa.selenium.NoSuchElementException: no such element: Unable to locate element: {&quot;method&quot;:&quot;css selector&quot;,&quot;selector&quot;:&quot;.jss121&quot;}
  (Session info: chrome=108.0.5359.100)
For documentation on this error, please visit: https://www.seleniumhq.org/exceptions/no_such_element.html
Build info: version: &apos;3.141.59&apos;, revision: &apos;e82be7d358&apos;, time: &apos;2018-11-14T08:17:03&apos;
System info: host: &apos;LAPTOP-AE3NJ1FK&apos;, ip: &apos;192.168.0.123&apos;, os.name: &apos;Windows 11&apos;, os.arch: &apos;amd64&apos;, os.version: &apos;10.0&apos;, java.version: &apos;17.0.2&apos;
Driver info: org.openqa.selenium.chrome.ChromeDriver
Capabilities {acceptInsecureCerts: false, browserName: chrome, browserVersion: 108.0.5359.100, chrome: {chromedriverVersion: 107.0.5304.62 (1eec40d3a576..., userDataDir: C:\Users\SHRAD~1.LAP\AppDat...}, goog:chromeOptions: {debuggerAddress: localhost:49838}, javascriptEnabled: true, networkConnectionEnabled: false, pageLoadStrategy: normal, platform: WINDOWS, platformName: WINDOWS, proxy: Proxy(), setWindowRect: true, strictFileInteractability: false, timeouts: {implicit: 0, pageLoad: 300000, script: 30000}, unhandledPromptBehavior: dismiss and notify, webauthn:extension:credBlob: true, webauthn:extension:largeBlob: true, webauthn:virtualAuthenticators: true}
Session ID: 90d15e373d7a451c632205dbd3ca824c
*** Element info: {Using=class name, value=jss121}
	at java.base/jdk.internal.reflect.NativeConstructorAccessorImpl.newInstance0(Native Method)
	at java.base/jdk.internal.reflect.NativeConstructorAccessorImpl.newInstance(NativeConstructorAccessorImpl.java:77)
	at java.base/jdk.internal.reflect.DelegatingConstructorAccessorImpl.newInstance(DelegatingConstructorAccessorImpl.java:45)
	at java.base/java.lang.reflect.Constructor.newInstanceWithCaller(Constructor.java:499)
	at java.base/java.lang.reflect.Constructor.newInstance(Constructor.java:480)
	at org.openqa.selenium.remote.http.W3CHttpResponseCodec.createException(W3CHttpResponseCodec.java:187)
	at org.openqa.selenium.remote.http.W3CHttpResponseCodec.decode(W3CHttpResponseCodec.java:122)
	at org.openqa.selenium.remote.http.W3CHttpResponseCodec.decode(W3CHttpResponseCodec.java:49)
	at org.openqa.selenium.remote.HttpCommandExecutor.execute(HttpCommandExecutor.java:158)
	at org.openqa.selenium.remote.service.DriverCommandExecutor.execute(DriverCommandExecutor.java:83)
	at org.openqa.selenium.remote.RemoteWebDriver.execute(RemoteWebDriver.java:552)
	at org.openqa.selenium.remote.RemoteWebDriver.findElement(RemoteWebDriver.java:323)
	at org.openqa.selenium.remote.RemoteWebDriver.findElementByClassName(RemoteWebDriver.java:412)
	at org.openqa.selenium.By$ByClassName.findElement(By.java:389)
	at org.openqa.selenium.remote.RemoteWebDriver.findElement(RemoteWebDriver.java:315)
	at StepDefinition.login.user_is_navigated_to_home_screen(login.java:44)
	at ?.user is navigated to home screen(file:///C:/Users/shrad.LAPTOP-AE3NJ1FK/git/master/MensioWebSanity/src/test/resources/Features/1login.feature:8)

  Then take screenshot                                                 # StepDefinition.login.take_screenshot()
</system-out>
    <system-err>Dec 14, 2022 8:10:35 AM io.cucumber.junit.Cucumber &lt;init&gt;
WARNING: By default Cucumber is running in --non-strict mode.
This default will change to --strict and --non-strict will be removed.
You can use --strict or @CucumberOptions(strict = true) to suppress this warning
Starting ChromeDriver 107.0.5304.62 (1eec40d3a5764881c92085aaee66d25075c159aa-refs/branch-heads/5304@{#942}) on port 33613
Only local connections are allowed.
Please see https://chromedriver.chromium.org/security-considerations for suggestions on keeping ChromeDriver safe.
ChromeDriver was started successfully.
[1670985637.272][WARNING]: This version of ChromeDriver has not been tested with Chrome version 108.
Dec 14, 2022 8:10:37 AM org.openqa.selenium.remote.ProtocolHandshake createSession
INFO: Detected dialect: W3C
</system-err>
  </testcase>
  <testcase classname="Check all items visibility on home screen" name="Verify all the Branded Content Cards are visible" time="0.209"/>
  <testcase classname="Check all items visibility on home screen" name="Verify all the Ad Intelligence Cards are visible" time="0.14"/>
  <testcase classname="Check all the charts are loading properly in TelevisionByBrand" name="Verify that Summary Metrics chart is loading properly" time="123.46"/>
  <testcase classname="Check all the charts are loading properly in TelevisionByBrand" name="Verify that Share of Voice chart is loading properly" time="12.587"/>
  <testcase classname="Check all the charts are loading properly in TelevisionByBrand" name="Verify that Exposure Trends chart is loading properly" time="12.361"/>
  <testcase classname="Check all the charts are loading properly in TelevisionByBrand" name="Verify that Visual Exposure - By Brand chart is loading properly" time="12.842"/>
  <testcase classname="Check all the charts are loading properly in TelevisionByBrand" name="Verify that Visual Exposure By Brand Asset Type chart is loading properly" time="49.434"/>
  <testcase classname="Check all the charts are loading properly in TelevisionByBrand" name="Verify that Visual Exposure - By Program chart is loading properly" time="30.809"/>
  <testcase classname="Check all the charts are loading properly in TelevisionByBrand" name="Verify that Verbal Exposure - By Brand chart is loading properly" time="13.338"/>
  <testcase classname="Check all charts are loading properly in TelevisionByTeam" name="Verify that By Brand and team chart is loading properly" time="120.94"/>
  <testcase classname="Check all charts are loading properly in TelevisionByTeam" name="Verify that By Brand Team Asset Type chart is loading properly" time="150.512"/>
  <testcase classname="Check all charts are loading properly in TelevisionByTeam" name="Verify that Verbal By Brand and Team chart is loading properly" time="120.651"/>
  <testcase classname="Check all charts are loading properly in Television - Team as Brand" name="Verify that Team Summary Beta chart is loading properly" time="121.128"/>
  <testcase classname="Check all charts are loading properly in Television - Team as Brand" name="Verify that League Summary Beta chart is loading properly" time="120.547"/>
  <testcase classname="Check all charts are loading properly in Television - Team as Brand" name="Verify that Team Deep Dive Chart is loading properly" time="120.578"/>
  <testcase classname="Check all charts are loading properly in Streaming Originals" name="Verify that charts in Streaming Summary Insights are loading properly" time="121.021"/>
  <testcase classname="Check all charts are loading properly in Streaming Originals" name="Verify that charts in Streaming Brand Deep Dive are loading properly" time="120.506"/>
  <testcase classname="Check all charts are loading properly in Streaming Originals" name="Verify that charts in Platform-Wide Insight are loading properly" time="121.166"/>
  <testcase classname="Check all charts are loading properly in Theatrical Releases" name="Verify that charts in Summary Insights are loading properly" time="121.116"/>
  <testcase classname="Check all charts are loading properly in Theatrical Releases" name="Verify that charts in Brand Deep Dive are loading properly" time="120.714"/>
  <testcase classname="Check all charts are loading properly in Theatrical Releases" name="Verify that charts in Theatrical Insights are loading properly" time="121.831"/>
  <testcase classname="Check all charts are loading properly in Social" name="Verify that charts in Social Summary Insights are loading properly" time="121.682"/>
  <testcase classname="Check all charts are loading properly in Social" name="Verify that charts in Social Brand Deep Dive are loading properly" time="120.727"/>
  <testcase classname="Check all charts are loading properly in Social" name="Verify that charts in Social Platform Wide Insights are loading properly" time="120.763"/>
  <testcase classname="Check all the charts are loading properly in National TV Ad Intelligence Chart" name="Verify that National TV Ad Intelligence Summary Metrics chart is loading properly" time="121.561"/>
  <testcase classname="Check all the charts are loading properly in National TV Ad Intelligence Chart" name="Verify that National TV Ad Intelligence Delivery Trends chart is loading properly" time="121.165"/>
  <testcase classname="Check all the charts are loading properly in National TV Ad Intelligence Chart" name="Verify that National TV Ad Intelligence Mix Benchmarks chart is loading properly" time="120.749"/>
  <testcase classname="Check all the charts are loading properly in Cross Platform Ad Intelligence Chart" name="Verify that Cross Platform Share of Voice by Brand chart is loading properly" time="135.047"/>
  <testcase classname="Check all the charts are loading properly in Cross Platform Ad Intelligence Chart" name="Verify that Cross Platform Indexed Spend by Channel chart is loading is properly" time="121.017"/>
  <testcase classname="Check all the charts are loading properly in Cross Platform Ad Intelligence Chart" name="Verify that Cross Platform Indexed Spend Matrix by Channel chart is loading properly" time="121.182"/>
  <testcase classname="Check all the charts are loading properly in Cross Platform Ad Intelligence Chart" name="Verify that Cross Platform Commercial Mix chart is loading properly" time="241.136"/>
  <testcase classname="Check all the charts are loading properly in Cross Platform Ad Intelligence Chart" name="Verify that Cross Platform Delivery Trend Charts are loading properly" time="483.319"/>
  <testcase classname="Check all the charts are loading properly in National TV ecpm Chart" name="Verify that all charts in National TV eCPM market benchmark are loading properly" time="186.972"/>
  <testcase classname="Check all the charts are loading properly in National TV ecpm Chart" name="Verify that all charts in National TV eCPM Network Benchmark are loading properly" time="121.646"/>
  <testcase classname="Check all the charts are loading properly in National TV ecpm Chart" name="Verify that all charts in National TV eCPM Audience Benchmark are loading properly" time="121.157"/>
  <testcase classname="Check all the charts are loading properly in National TV ecpm Chart" name="Verify that all charts in National TV eCPM Audience Efficiency are loading properly" time="120.477"/>
  <testcase classname="Check all the creatives are loading properly in Creative Explorer" name="Verify that Creative Explorer is loading properly" time="33.593"/>
</testsuite>