<?xml version="1.0" encoding="UTF-8" ?>
<testsuite tests="38" failures="0" name="StepDefinition.TestRunner" time="4,192.508" errors="0" skipped="2">
  <properties>
[...]
</properties>
  <testcase classname="Check the login feature of Mensio Web Application" name="To verify that user is able to login using valid credentials" time="11.514"/>
  <testcase classname="Check all items visibility on home screen" name="Verify all the Branded Content Cards are visible" time="0.187"/>
  <testcase classname="Check all items visibility on home screen" name="Verify all the Ad Intelligence Cards are visible" time="0.117"/>
  <testcase classname="Check all the charts are loading properly in TelevisionByBrand" name="Verify that Summary Metrics chart is loading properly" time="123.173"/>
  <testcase classname="Check all the charts are loading properly in TelevisionByBrand" name="Verify that Share of Voice chart is loading properly" time="12.795"/>
  <testcase classname="Check all the charts are loading properly in TelevisionByBrand" name="Verify that Exposure Trends chart is loading properly" time="6.987"/>
  <testcase classname="Check all the charts are loading properly in TelevisionByBrand" name="Verify that Visual Exposure - By Brand chart is loading properly" time="32.563"/>
  <testcase classname="Check all the charts are loading properly in TelevisionByBrand" name="Verify that Visual Exposure By Brand Asset Type chart is loading properly" time="58.655"/>
  <testcase classname="Check all the charts are loading properly in TelevisionByBrand" name="Verify that Visual Exposure - By Program chart is loading properly" time="30.78">
    <skipped/>
    <system-out>
@Sanity @Sanity @ByProgram @VisualExposure
Scenario: Verify that Visual Exposure - By Program chart is loading properly # src/test/resources/Features/3TelevisionByBrand.feature:42
  When user click on By Program sidemenu option                              # StepDefinition.TelevisionByBrand.user_click_on_By_Program_sidemenu_option()
  Then user click on Submit after choosing program and episode               # StepDefinition.TelevisionByBrand.user_click_on_Submit_after_choosing_program_and_episode()
  Then By Program data gets loaded and table is visible                      # null
  And take screenshot of By Program chart                                    # null
</system-out>
  </testcase>
  <testcase classname="Check all the charts are loading properly in TelevisionByBrand" name="Verify that Verbal Exposure - By Brand chart is loading properly" time="13.469"/>
  <testcase classname="Check all charts are loading properly in TelevisionByTeam" name="Verify that By Brand and team chart is loading properly" time="120.806"/>
  <testcase classname="Check all charts are loading properly in TelevisionByTeam" name="Verify that By Brand Team Asset Type chart is loading properly" time="150.765"/>
  <testcase classname="Check all charts are loading properly in TelevisionByTeam" name="Verify that Verbal By Brand and Team chart is loading properly" time="120.956"/>
  <testcase classname="Check all charts are loading properly in Television - Team as Brand" name="Verify that Team Summary Beta chart is loading properly" time="121.676"/>
  <testcase classname="Check all charts are loading properly in Television - Team as Brand" name="Verify that League Summary Beta chart is loading properly" time="120.856"/>
  <testcase classname="Check all charts are loading properly in Television - Team as Brand" name="Verify that Team Deep Dive Chart is loading properly" time="120.891"/>
  <testcase classname="Check all charts are loading properly in Streaming Originals" name="Verify that charts in Streaming Summary Insights are loading properly" time="121.074"/>
  <testcase classname="Check all charts are loading properly in Streaming Originals" name="Verify that charts in Streaming Brand Deep Dive are loading properly" time="120.811"/>
  <testcase classname="Check all charts are loading properly in Streaming Originals" name="Verify that charts in Platform-Wide Insight are loading properly" time="122.16"/>
  <testcase classname="Check all charts are loading properly in Theatrical Releases" name="Verify that charts in Summary Insights are loading properly" time="121.49"/>
  <testcase classname="Check all charts are loading properly in Theatrical Releases" name="Verify that charts in Brand Deep Dive are loading properly" time="120.221">
    <skipped/>
    <system-out>
@Sanity @Sanity @TheatricalReleases @THBrandDeepDive
Scenario: Verify that charts in Brand Deep Dive are loading properly # src/test/resources/Features/7TheatricalReleases.feature:15
  When user click on TH Brand Deep Dive sidemenu option              # StepDefinition.Theatrical.user_click_on_TH_Brand_Deep_Dive_sidemenu_option()
  Then TH Brand Summary chart gets loaded                            # StepDefinition.Theatrical.TH_Brand_Summary_chart_gets_loaded()
  And take screenshot of TH Brand Summary chart                      # null
</system-out>
  </testcase>
  <testcase classname="Check all charts are loading properly in Theatrical Releases" name="Verify that charts in Theatrical Insights are loading properly" time="122.206"/>
  <testcase classname="Check all charts are loading properly in Social" name="Verify that charts in Social Summary Insights are loading properly" time="122.222"/>
  <testcase classname="Check all charts are loading properly in Social" name="Verify that charts in Social Brand Deep Dive are loading properly" time="120.755"/>
  <testcase classname="Check all charts are loading properly in Social" name="Verify that charts in Social Platform Wide Insights are loading properly" time="120.771"/>
  <testcase classname="Check all the charts are loading properly in National TV Ad Intelligence Chart" name="Verify that National TV Ad Intelligence Summary Metrics chart is loading properly" time="122.155"/>
  <testcase classname="Check all the charts are loading properly in National TV Ad Intelligence Chart" name="Verify that National TV Ad Intelligence Delivery Trends chart is loading properly" time="121.49"/>
  <testcase classname="Check all the charts are loading properly in National TV Ad Intelligence Chart" name="Verify that National TV Ad Intelligence Mix Benchmarks chart is loading properly" time="120.853"/>
  <testcase classname="Check all the charts are loading properly in Cross Platform Ad Intelligence Chart" name="Verify that Cross Platform Share of Voice by Brand chart is loading properly" time="135.843"/>
  <testcase classname="Check all the charts are loading properly in Cross Platform Ad Intelligence Chart" name="Verify that Cross Platform Indexed Spend by Channel chart is loading is properly" time="121.353"/>
  <testcase classname="Check all the charts are loading properly in Cross Platform Ad Intelligence Chart" name="Verify that Cross Platform Indexed Spend Matrix by Channel chart is loading properly" time="121.309"/>
  <testcase classname="Check all the charts are loading properly in Cross Platform Ad Intelligence Chart" name="Verify that Cross Platform Commercial Mix chart is loading properly" time="241.632"/>
  <testcase classname="Check all the charts are loading properly in Cross Platform Ad Intelligence Chart" name="Verify that Cross Platform Delivery Trend Charts are loading properly" time="484.29"/>
  <testcase classname="Check all the charts are loading properly in National TV ecpm Chart" name="Verify that all charts in National TV eCPM market benchmark are loading properly" time="188.228"/>
  <testcase classname="Check all the charts are loading properly in National TV ecpm Chart" name="Verify that all charts in National TV eCPM Network Benchmark are loading properly" time="121.919"/>
  <testcase classname="Check all the charts are loading properly in National TV ecpm Chart" name="Verify that all charts in National TV eCPM Audience Benchmark are loading properly" time="121.552"/>
  <testcase classname="Check all the charts are loading properly in National TV ecpm Chart" name="Verify that all charts in National TV eCPM Audience Efficiency are loading properly" time="120.751"/>
  <testcase classname="Check all the creatives are loading properly in Creative Explorer" name="Verify that Creative Explorer is loading properly" time="33.233"/>
</testsuite>