<?xml version="1.0" encoding="UTF-8" ?>
<testsuite tests="38" failures="0" name="StepDefinition.TestRunner" time="3,973.091" errors="1" skipped="2">
  <properties>
[...]
</properties>
  <testcase classname="Check the login feature of Mensio Web Application" name="To verify that user is able to login using valid credentials" time="10.572"/>
  <testcase classname="Check all items visibility on home screen" name="Verify all the Branded Content Cards are visible" time="0.172"/>
  <testcase classname="Check all items visibility on home screen" name="Verify all the Ad Intelligence Cards are visible" time="0.109"/>
  <testcase classname="Check all the charts are loading properly in TelevisionByBrand" name="Verify that Summary Metrics chart is loading properly" time="123.029"/>
  <testcase classname="Check all the charts are loading properly in TelevisionByBrand" name="Verify that Share of Voice chart is loading properly" time="12.762"/>
  <testcase classname="Check all the charts are loading properly in TelevisionByBrand" name="Verify that Exposure Trends chart is loading properly" time="3.02"/>
  <testcase classname="Check all the charts are loading properly in TelevisionByBrand" name="Verify that Visual Exposure - By Brand chart is loading properly" time="30.056"/>
  <testcase classname="Check all the charts are loading properly in TelevisionByBrand" name="Verify that Visual Exposure By Brand Asset Type chart is loading properly" time="37.842"/>
  <testcase classname="Check all the charts are loading properly in TelevisionByBrand" name="Verify that Visual Exposure - By Program chart is loading properly" time="7.34">
    <skipped/>
    <system-out>
@Sanity @Sanity @ByProgram @VisualExposure
Scenario: Verify that Visual Exposure - By Program chart is loading properly # src/test/resources/Features/3TelevisionByBrand.feature:42
  When user click on By Program sidemenu option                              # StepDefinition.TelevisionByBrand.user_click_on_By_Program_sidemenu_option()
  Then user click on Submit after choosing program and episode               # StepDefinition.TelevisionByBrand.user_click_on_Submit_after_choosing_program_and_episode()
  Then By Program data gets loaded and table is visible                      # null
  And take screenshot of By Program chart                                    # null
</system-out>
  </testcase>
  <testcase classname="Check all the charts are loading properly in TelevisionByBrand" name="Verify that Verbal Exposure - By Brand chart is loading properly" time="4.799"/>
  <testcase classname="Check all charts are loading properly in TelevisionByTeam" name="Verify that By Brand and team chart is loading properly" time="120.982"/>
  <testcase classname="Check all charts are loading properly in TelevisionByTeam" name="Verify that By Brand Team Asset Type chart is loading properly" time="128.713"/>
  <testcase classname="Check all charts are loading properly in TelevisionByTeam" name="Verify that Verbal By Brand and Team chart is loading properly" time="120.567"/>
  <testcase classname="Check all charts are loading properly in Television - Team as Brand" name="Verify that Team Summary Beta chart is loading properly" time="121.466"/>
  <testcase classname="Check all charts are loading properly in Television - Team as Brand" name="Verify that League Summary Beta chart is loading properly" time="120.587"/>
  <testcase classname="Check all charts are loading properly in Television - Team as Brand" name="Verify that Team Deep Dive Chart is loading properly" time="120.388"/>
  <testcase classname="Check all charts are loading properly in Streaming Originals" name="Verify that charts in Streaming Summary Insights are loading properly" time="121.292"/>
  <testcase classname="Check all charts are loading properly in Streaming Originals" name="Verify that charts in Streaming Brand Deep Dive are loading properly" time="120.402"/>
  <testcase classname="Check all charts are loading properly in Streaming Originals" name="Verify that charts in Platform-Wide Insight are loading properly" time="121.389"/>
  <testcase classname="Check all charts are loading properly in Theatrical Releases" name="Verify that charts in Summary Insights are loading properly" time="121.332"/>
  <testcase classname="Check all charts are loading properly in Theatrical Releases" name="Verify that charts in Brand Deep Dive are loading properly" time="120.16">
    <skipped/>
    <system-out>
@Sanity @Sanity @TheatricalReleases @THBrandDeepDive
Scenario: Verify that charts in Brand Deep Dive are loading properly # src/test/resources/Features/7TheatricalReleases.feature:15
  When user click on TH Brand Deep Dive sidemenu option              # StepDefinition.Theatrical.user_click_on_TH_Brand_Deep_Dive_sidemenu_option()
  Then TH Brand Summary chart gets loaded                            # StepDefinition.Theatrical.TH_Brand_Summary_chart_gets_loaded()
  And take screenshot of TH Brand Summary chart                      # null
</system-out>
  </testcase>
  <testcase classname="Check all charts are loading properly in Theatrical Releases" name="Verify that charts in Theatrical Insights are loading properly" time="122.175"/>
  <testcase classname="Check all charts are loading properly in Social" name="Verify that charts in Social Summary Insights are loading properly" time="121.219"/>
  <testcase classname="Check all charts are loading properly in Social" name="Verify that charts in Social Brand Deep Dive are loading properly" time="120.72"/>
  <testcase classname="Check all charts are loading properly in Social" name="Verify that charts in Social Platform Wide Insights are loading properly" time="120.775"/>
  <testcase classname="Check all the charts are loading properly in National TV Ad Intelligence Chart" name="Verify that National TV Ad Intelligence Summary Metrics chart is loading properly" time="121.361"/>
  <testcase classname="Check all the charts are loading properly in National TV Ad Intelligence Chart" name="Verify that National TV Ad Intelligence Delivery Trends chart is loading properly" time="121.368"/>
  <testcase classname="Check all the charts are loading properly in National TV Ad Intelligence Chart" name="Verify that National TV Ad Intelligence Mix Benchmarks chart is loading properly" time="120.752"/>
  <testcase classname="Check all the charts are loading properly in Cross Platform Ad Intelligence Chart" name="Verify that Cross Platform Share of Voice by Brand chart is loading properly" time="126.436"/>
  <testcase classname="Check all the charts are loading properly in Cross Platform Ad Intelligence Chart" name="Verify that Cross Platform Indexed Spend by Channel chart is loading is properly" time="121.506"/>
  <testcase classname="Check all the charts are loading properly in Cross Platform Ad Intelligence Chart" name="Verify that Cross Platform Indexed Spend Matrix by Channel chart is loading properly" time="1.724">
    <error message="element click intercepted: Element &lt;div class=&quot;jss6203&quot;&gt;...&lt;/div&gt; is not clickable at point (1189, 73). Other element would receive the click: &lt;div class=&quot;jss11&quot;&gt;...&lt;/div&gt;
  (Session info: chrome=107.0.5304.107)
Build info: version: &apos;3.141.59&apos;, revision: &apos;e82be7d358&apos;, time: &apos;2018-11-14T08:17:03&apos;
System info: host: &apos;LAPTOP-AE3NJ1FK&apos;, ip: &apos;192.168.0.242&apos;, os.name: &apos;Windows 11&apos;, os.arch: &apos;amd64&apos;, os.version: &apos;10.0&apos;, java.version: &apos;17.0.2&apos;
Driver info: org.openqa.selenium.chrome.ChromeDriver
Capabilities {acceptInsecureCerts: false, browserName: chrome, browserVersion: 107.0.5304.107, chrome: {chromedriverVersion: 107.0.5304.62 (1eec40d3a576..., userDataDir: C:\Users\SHRAD~1.LAP\AppDat...}, goog:chromeOptions: {debuggerAddress: localhost:51700}, javascriptEnabled: true, networkConnectionEnabled: false, pageLoadStrategy: normal, platform: WINDOWS, platformName: WINDOWS, proxy: Proxy(), setWindowRect: true, strictFileInteractability: false, timeouts: {implicit: 0, pageLoad: 300000, script: 30000}, unhandledPromptBehavior: dismiss and notify, webauthn:extension:credBlob: true, webauthn:extension:largeBlob: true, webauthn:virtualAuthenticators: true}
Session ID: 373da5d029369e5bf5f21fdadbf15b9d" type="org.openqa.selenium.ElementClickInterceptedException">org.openqa.selenium.ElementClickInterceptedException: element click intercepted: Element &lt;div class=&quot;jss6203&quot;&gt;...&lt;/div&gt; is not clickable at point (1189, 73). Other element would receive the click: &lt;div class=&quot;jss11&quot;&gt;...&lt;/div&gt;
  (Session info: chrome=107.0.5304.107)
Build info: version: &apos;3.141.59&apos;, revision: &apos;e82be7d358&apos;, time: &apos;2018-11-14T08:17:03&apos;
System info: host: &apos;LAPTOP-AE3NJ1FK&apos;, ip: &apos;192.168.0.242&apos;, os.name: &apos;Windows 11&apos;, os.arch: &apos;amd64&apos;, os.version: &apos;10.0&apos;, java.version: &apos;17.0.2&apos;
Driver info: org.openqa.selenium.chrome.ChromeDriver
Capabilities {acceptInsecureCerts: false, browserName: chrome, browserVersion: 107.0.5304.107, chrome: {chromedriverVersion: 107.0.5304.62 (1eec40d3a576..., userDataDir: C:\Users\SHRAD~1.LAP\AppDat...}, goog:chromeOptions: {debuggerAddress: localhost:51700}, javascriptEnabled: true, networkConnectionEnabled: false, pageLoadStrategy: normal, platform: WINDOWS, platformName: WINDOWS, proxy: Proxy(), setWindowRect: true, strictFileInteractability: false, timeouts: {implicit: 0, pageLoad: 300000, script: 30000}, unhandledPromptBehavior: dismiss and notify, webauthn:extension:credBlob: true, webauthn:extension:largeBlob: true, webauthn:virtualAuthenticators: true}
Session ID: 373da5d029369e5bf5f21fdadbf15b9d
	at java.base/jdk.internal.reflect.NativeConstructorAccessorImpl.newInstance0(Native Method)
	at java.base/jdk.internal.reflect.NativeConstructorAccessorImpl.newInstance(NativeConstructorAccessorImpl.java:77)
	at java.base/jdk.internal.reflect.DelegatingConstructorAccessorImpl.newInstance(DelegatingConstructorAccessorImpl.java:45)
	at java.base/java.lang.reflect.Constructor.newInstanceWithCaller(Constructor.java:499)
	at java.base/java.lang.reflect.Constructor.newInstance(Constructor.java:480)
	at org.openqa.selenium.remote.http.W3CHttpResponseCodec.createException(W3CHttpResponseCodec.java:187)
	at org.openqa.selenium.remote.http.W3CHttpResponseCodec.decode(W3CHttpResponseCodec.java:122)
	at org.openqa.selenium.remote.http.W3CHttpResponseCodec.decode(W3CHttpResponseCodec.java:49)
	at org.openqa.selenium.remote.HttpCommandExecutor.execute(HttpCommandExecutor.java:158)
	at org.openqa.selenium.remote.service.DriverCommandExecutor.execute(DriverCommandExecutor.java:83)
	at org.openqa.selenium.remote.RemoteWebDriver.execute(RemoteWebDriver.java:552)
	at org.openqa.selenium.remote.RemoteWebElement.execute(RemoteWebElement.java:285)
	at org.openqa.selenium.remote.RemoteWebElement.click(RemoteWebElement.java:84)
	at StepDefinition.CrossPlatformAdIntelligence.user_click_on_Indexed_Spend_Matrix_by_Brand_Owner(CrossPlatformAdIntelligence.java:117)
	at ✽.user click on Indexed Spend Matrix by Brand Owner(file:///C:/Users/shrad.LAPTOP-AE3NJ1FK/git/master/MensioWebSanity/src/test/resources/Features/91CrossPlatformAdIntelligence.feature:31)
</error>
    <system-out>
@Sanity @Sanity @AdIntelligence @CrossPlatform @CrossIndexedSpendMatrixbyChannel
Scenario: Verify that Cross Platform Indexed Spend Matrix by Channel chart is loading properly # src/test/resources/Features/91CrossPlatformAdIntelligence.feature:26
  When user scroll down to Indexed Spend Matrix by Channel section                             # StepDefinition.CrossPlatformAdIntelligence.user_scroll_down_to_Indexed_Spend_Matrix_by_Channel_section()
  Then Indexed Spend Matrix by Channel chart gets loaded                                       # StepDefinition.CrossPlatformAdIntelligence.Indexed_Spend_Matrix_by_Channel_chart_gets_loaded()
  And take screenshot of Indexed Spend Matrix by Channel chart                                 # StepDefinition.CrossPlatformAdIntelligence.take_screenshot_of_Indexed_Spend_Matrix_by_Channel_chart()
  Then user click on Indexed Spend Matrix by Brand Owner                                       # StepDefinition.CrossPlatformAdIntelligence.user_click_on_Indexed_Spend_Matrix_by_Brand_Owner()
      org.openqa.selenium.ElementClickInterceptedException: element click intercepted: Element &lt;div class=&quot;jss6203&quot;&gt;...&lt;/div&gt; is not clickable at point (1189, 73). Other element would receive the click: &lt;div class=&quot;jss11&quot;&gt;...&lt;/div&gt;
  (Session info: chrome=107.0.5304.107)
Build info: version: &apos;3.141.59&apos;, revision: &apos;e82be7d358&apos;, time: &apos;2018-11-14T08:17:03&apos;
System info: host: &apos;LAPTOP-AE3NJ1FK&apos;, ip: &apos;192.168.0.242&apos;, os.name: &apos;Windows 11&apos;, os.arch: &apos;amd64&apos;, os.version: &apos;10.0&apos;, java.version: &apos;17.0.2&apos;
Driver info: org.openqa.selenium.chrome.ChromeDriver
Capabilities {acceptInsecureCerts: false, browserName: chrome, browserVersion: 107.0.5304.107, chrome: {chromedriverVersion: 107.0.5304.62 (1eec40d3a576..., userDataDir: C:\Users\SHRAD~1.LAP\AppDat...}, goog:chromeOptions: {debuggerAddress: localhost:51700}, javascriptEnabled: true, networkConnectionEnabled: false, pageLoadStrategy: normal, platform: WINDOWS, platformName: WINDOWS, proxy: Proxy(), setWindowRect: true, strictFileInteractability: false, timeouts: {implicit: 0, pageLoad: 300000, script: 30000}, unhandledPromptBehavior: dismiss and notify, webauthn:extension:credBlob: true, webauthn:extension:largeBlob: true, webauthn:virtualAuthenticators: true}
Session ID: 373da5d029369e5bf5f21fdadbf15b9d
	at java.base/jdk.internal.reflect.NativeConstructorAccessorImpl.newInstance0(Native Method)
	at java.base/jdk.internal.reflect.NativeConstructorAccessorImpl.newInstance(NativeConstructorAccessorImpl.java:77)
	at java.base/jdk.internal.reflect.DelegatingConstructorAccessorImpl.newInstance(DelegatingConstructorAccessorImpl.java:45)
	at java.base/java.lang.reflect.Constructor.newInstanceWithCaller(Constructor.java:499)
	at java.base/java.lang.reflect.Constructor.newInstance(Constructor.java:480)
	at org.openqa.selenium.remote.http.W3CHttpResponseCodec.createException(W3CHttpResponseCodec.java:187)
	at org.openqa.selenium.remote.http.W3CHttpResponseCodec.decode(W3CHttpResponseCodec.java:122)
	at org.openqa.selenium.remote.http.W3CHttpResponseCodec.decode(W3CHttpResponseCodec.java:49)
	at org.openqa.selenium.remote.HttpCommandExecutor.execute(HttpCommandExecutor.java:158)
	at org.openqa.selenium.remote.service.DriverCommandExecutor.execute(DriverCommandExecutor.java:83)
	at org.openqa.selenium.remote.RemoteWebDriver.execute(RemoteWebDriver.java:552)
	at org.openqa.selenium.remote.RemoteWebElement.execute(RemoteWebElement.java:285)
	at org.openqa.selenium.remote.RemoteWebElement.click(RemoteWebElement.java:84)
	at StepDefinition.CrossPlatformAdIntelligence.user_click_on_Indexed_Spend_Matrix_by_Brand_Owner(CrossPlatformAdIntelligence.java:117)
	at ?.user click on Indexed Spend Matrix by Brand Owner(file:///C:/Users/shrad.LAPTOP-AE3NJ1FK/git/master/MensioWebSanity/src/test/resources/Features/91CrossPlatformAdIntelligence.feature:31)

  Then Indexed Spend Matrix by Brand Owner chart gets loaded                                   # StepDefinition.CrossPlatformAdIntelligence.Indexed_Spend_Matrix_by_Brand_Owner_chart_gets_loaded()
  And take screenshot of Indexed Spend Matrix by Brand Onwer chart                             # StepDefinition.CrossPlatformAdIntelligence.take_screenshot_of_Indexed_Spend_Matrix_by_Brand_Onwer_chart()
</system-out>
  </testcase>
  <testcase classname="Check all the charts are loading properly in Cross Platform Ad Intelligence Chart" name="Verify that Cross Platform Commercial Mix chart is loading properly" time="241.617"/>
  <testcase classname="Check all the charts are loading properly in Cross Platform Ad Intelligence Chart" name="Verify that Cross Platform Delivery Trend Charts are loading properly" time="483.568"/>
  <testcase classname="Check all the charts are loading properly in National TV ecpm Chart" name="Verify that all charts in National TV eCPM market benchmark are loading properly" time="186.675"/>
  <testcase classname="Check all the charts are loading properly in National TV ecpm Chart" name="Verify that all charts in National TV eCPM Network Benchmark are loading properly" time="122.082"/>
  <testcase classname="Check all the charts are loading properly in National TV ecpm Chart" name="Verify that all charts in National TV eCPM Audience Benchmark are loading properly" time="121.554"/>
  <testcase classname="Check all the charts are loading properly in National TV ecpm Chart" name="Verify that all charts in National TV eCPM Audience Efficiency are loading properly" time="120.755"/>
  <testcase classname="Check all the creatives are loading properly in Creative Explorer" name="Verify that Creative Explorer is loading properly" time="31.825"/>
</testsuite>