<?xml version="1.0" encoding="UTF-8" ?>
<testsuite tests="48" failures="0" name="StepDefinition.TestRunner" time="4,515.42" errors="0" skipped="0">
  <properties>
[...]
</properties>
  <testcase classname="Check the login feature of Mensio Web Application" name="To verify that user is able to login using valid credentials" time="14.343"/>
  <testcase classname="Check all items visibility on home screen" name="Verify all the Branded Content Cards are visible" time="0.194"/>
  <testcase classname="Check all items visibility on home screen" name="Verify all the Ad Intelligence Cards are visible" time="0.108"/>
  <testcase classname="Check all the charts are loading properly in TelevisionByBrand" name="Verify that Summary Metrics chart is loading properly" time="123.091"/>
  <testcase classname="Check all the charts are loading properly in TelevisionByBrand" name="Verify that Share of Voice chart is loading properly" time="12.604"/>
  <testcase classname="Check all the charts are loading properly in TelevisionByBrand" name="Verify that Exposure Trends chart is loading properly" time="12.63"/>
  <testcase classname="Check all the charts are loading properly in TelevisionByBrand" name="Verify that Visual Exposure - By Brand chart is loading properly" time="61.168"/>
  <testcase classname="Check all the charts are loading properly in TelevisionByBrand" name="Verify that Visual Exposure By Brand Asset Type chart is loading properly" time="69.738"/>
  <testcase classname="Check all the charts are loading properly in TelevisionByBrand" name="Verify that Visual Exposure - By Program chart is loading properly" time="29.99"/>
  <testcase classname="Check all the charts are loading properly in TelevisionByBrand" name="Verify that Verbal Exposure - By Brand chart is loading properly" time="4.767"/>
  <testcase classname="Check all charts are loading properly in TelevisionByTeam" name="Verify that By Brand and team chart is loading properly" time="120.889"/>
  <testcase classname="Check all charts are loading properly in TelevisionByTeam" name="Verify that By Brand Team Asset Type chart is loading properly" time="147.455"/>
  <testcase classname="Check all charts are loading properly in TelevisionByTeam" name="Verify that Verbal By Brand and Team chart is loading properly" time="120.799"/>
  <testcase classname="Check all charts are loading properly in Television - Team as Brand" name="Verify that Team Summary Beta chart is loading properly" time="121.587"/>
  <testcase classname="Check all charts are loading properly in Television - Team as Brand" name="Verify that League Summary Beta chart is loading properly" time="120.736"/>
  <testcase classname="Check all charts are loading properly in Television - Team as Brand" name="Verify that Team Deep Dive Chart is loading properly" time="120.949"/>
  <testcase classname="Check all charts are loading properly in Streaming Originals" name="Verify that charts in Streaming Summary Insights are loading properly" time="121.063"/>
  <testcase classname="Check all charts are loading properly in Streaming Originals" name="Verify that charts in Streaming Brand Deep Dive are loading properly" time="120.745"/>
  <testcase classname="Check all charts are loading properly in Streaming Originals" name="Verify that charts in Platform-Wide Insight are loading properly" time="121.556"/>
  <testcase classname="Check all charts are loading properly in Theatrical Releases" name="Verify that charts in Summary Insights are loading properly" time="121.42"/>
  <testcase classname="Check all charts are loading properly in Theatrical Releases" name="Verify that charts in Brand Deep Dive are loading properly" time="120.706"/>
  <testcase classname="Check all charts are loading properly in Theatrical Releases" name="Verify that charts in Theatrical Insights are loading properly" time="121.492"/>
  <testcase classname="Check all charts are loading properly in Social" name="Verify that charts in Social Summary Insights are loading properly" time="121.661"/>
  <testcase classname="Check all charts are loading properly in Social" name="Verify that charts in Social Brand Deep Dive are loading properly" time="120.5"/>
  <testcase classname="Check all charts are loading properly in Social" name="Verify that charts in Social Platform Wide Insights are loading properly" time="120.672"/>
  <testcase classname="Check all the charts are loading properly in National TV Ad Intelligence Chart" name="Verify that National TV Ad Intelligence Summary Metrics chart is loading properly" time="121.449"/>
  <testcase classname="Check all the charts are loading properly in National TV Ad Intelligence Chart" name="Verify that National TV Ad Intelligence Delivery Trends chart is loading properly" time="121.29"/>
  <testcase classname="Check all the charts are loading properly in National TV Ad Intelligence Chart" name="Verify that National TV Ad Intelligence Mix Benchmarks chart is loading properly" time="120.768"/>
  <testcase classname="Check all the charts are loading properly in Cross Platform Ad Intelligence Chart" name="Verify that Cross Platform Share of Voice by Brand chart is loading properly" time="142.451"/>
  <testcase classname="Check all the charts are loading properly in Cross Platform Ad Intelligence Chart" name="Verify that Cross Platform Indexed Spend by Channel chart is loading is properly" time="121.348"/>
  <testcase classname="Check all the charts are loading properly in Cross Platform Ad Intelligence Chart" name="Verify that Cross Platform Indexed Spend Matrix by Channel chart is loading properly" time="120.851"/>
  <testcase classname="Check all the charts are loading properly in Cross Platform Ad Intelligence Chart" name="Verify that Cross Platform Commercial Mix chart is loading properly" time="241.245"/>
  <testcase classname="Check all the charts are loading properly in Cross Platform Ad Intelligence Chart" name="Verify that Cross Platform Delivery Trend Charts are loading properly" time="482.869"/>
  <testcase classname="Check all the charts are loading properly in National TV ecpm Chart" name="Verify that all charts in National TV eCPM market benchmark are loading properly" time="186.994"/>
  <testcase classname="Check all the charts are loading properly in National TV ecpm Chart" name="Verify that all charts in National TV eCPM Network Benchmark are loading properly" time="121.584"/>
  <testcase classname="Check all the charts are loading properly in National TV ecpm Chart" name="Verify that all charts in National TV eCPM Audience Benchmark are loading properly" time="121.283"/>
  <testcase classname="Check all the charts are loading properly in National TV ecpm Chart" name="Verify that all charts in National TV eCPM Audience Efficiency are loading properly" time="120.742"/>
  <testcase classname="Check all the creatives are loading properly in Creative Explorer" name="Verify that Creative Explorer is loading properly" time="31.031"/>
  <testcase classname="Check all the charts in NBCU Custom Module" name="Verify that NBCU Card is clickable and loads properly" time="10.204"/>
  <testcase classname="Check all the charts in NBCU Custom Module" name="Verify that NBCU Summary metrics charts loads properly" time="74.004"/>
  <testcase classname="Check all the charts in NBCU Custom Module" name="Verify that NBCU Visual Exposure By Brand chart loads properly" time="57.426"/>
  <testcase classname="Check all the charts in NBCU Custom Module" name="Verify that NBCU Visual Exposure By Brand &amp; Asset Type chart loads properly" time="21.481"/>
  <testcase classname="Check all the charts in NBCU Custom Module" name="Verify that NBCU Visual Exposure By Program chart loads properly" time="23.552"/>
  <testcase classname="Check all the charts in NBCU Custom Module" name="Verify that NBCU Visual Exposure By Program &amp; Asset Type chart loads properly" time="13.698"/>
  <testcase classname="Check all the charts in NBCU Custom Module" name="Verify that NBCU Visual Exposure By Occurrence chart loads properly" time="17.063"/>
  <testcase classname="Check all the charts in NBCU Custom Module" name="Verify that NBCU Verbal Exposure By Brand chart loads properly" time="23.16"/>
  <testcase classname="Check all the charts in NBCU Custom Module" name="Verify that NBCU Verbal Exposure By Program chart loads properly" time="25.959"/>
  <testcase classname="Check all the charts in NBCU Custom Module" name="Verify that NBCU Verbal Exposure By Occurrence chart loads properly" time="24.105"/>
</testsuite>